<?xml version="1.0"?>
<testsuite name="HeadlessChrome 84.0.4147 (Windows 10.0.0)" package="unit" timestamp="2020-08-20T10:45:53" id="0" hostname="DESKTOP-I1SMEFL" tests="4" errors="0" failures="2" time="0.501">
  <properties>
    <property name="browser.fullName" value="Mozilla/5.0 (Windows NT 10.0; Win64; x64) AppleWebKit/537.36 (KHTML, like Gecko) HeadlessChrome/84.0.4147.135 Safari/537.36"/>
  </properties>
  <testcase name="RestaurantDirectory Should not add anything if either value is empty" time="0.187" classname=".RestaurantDirectory"/>
  <testcase name="RestaurantDirectory Should add new values on btn click" time="0.243" classname=".RestaurantDirectory">
    <failure type="">Error: Expected 0 to equal 3.
    at &lt;Jasmine&gt;
    at http://localhost:9876/_karma_webpack_/src/app/restaurantDirectory/restaurantDirectory.component.spec.ts:70:44
    at &lt;Jasmine&gt;
    at fulfilled (http://localhost:9876/_karma_webpack_/node_modules/tslib/tslib.es6.js:71:42)
</failure>
    <failure type="">TypeError: Cannot read property 'children' of undefined
    at &lt;Jasmine&gt;
    at http://localhost:9876/_karma_webpack_/src/app/restaurantDirectory/restaurantDirectory.component.spec.ts:71:39
    at &lt;Jasmine&gt;
    at fulfilled (http://localhost:9876/_karma_webpack_/node_modules/tslib/tslib.es6.js:71:42)
    at ZoneDelegate.invoke (http://localhost:9876/_karma_webpack_/node_modules/zone.js/dist/zone-evergreen.js:364:1)
    at ProxyZoneSpec.onInvoke (http://localhost:9876/_karma_webpack_/node_modules/zone.js/dist/zone-testing.js:292:1)
    at ZoneDelegate.invoke (http://localhost:9876/_karma_webpack_/node_modules/zone.js/dist/zone-evergreen.js:363:1)
    at Zone.run (http://localhost:9876/_karma_webpack_/node_modules/zone.js/dist/zone-evergreen.js:123:1)
    at http://localhost:9876/_karma_webpack_/node_modules/zone.js/dist/zone-evergreen.js:857:1
    at ZoneDelegate.invokeTask (http://localhost:9876/_karma_webpack_/node_modules/zone.js/dist/zone-evergreen.js:399:1)
    at ProxyZoneSpec.onInvokeTask (http://localhost:9876/_karma_webpack_/node_modules/zone.js/dist/zone-testing.js:323:1)
</failure>
  </testcase>
  <testcase name="RestaurantDirectory Should clear the input after submit btn is clicked" time="0.017" classname=".RestaurantDirectory">
    <failure type="">Error: Expected 0 to equal 1.
    at &lt;Jasmine&gt;
    at http://localhost:9876/_karma_webpack_/src/app/restaurantDirectory/restaurantDirectory.component.spec.ts:85:44
    at &lt;Jasmine&gt;
    at fulfilled (http://localhost:9876/_karma_webpack_/node_modules/tslib/tslib.es6.js:71:42)
</failure>
    <failure type="">TypeError: Cannot read property 'children' of undefined
    at &lt;Jasmine&gt;
    at http://localhost:9876/_karma_webpack_/src/app/restaurantDirectory/restaurantDirectory.component.spec.ts:86:39
    at &lt;Jasmine&gt;
    at fulfilled (http://localhost:9876/_karma_webpack_/node_modules/tslib/tslib.es6.js:71:42)
    at ZoneDelegate.invoke (http://localhost:9876/_karma_webpack_/node_modules/zone.js/dist/zone-evergreen.js:364:1)
    at ProxyZoneSpec.onInvoke (http://localhost:9876/_karma_webpack_/node_modules/zone.js/dist/zone-testing.js:292:1)
    at ZoneDelegate.invoke (http://localhost:9876/_karma_webpack_/node_modules/zone.js/dist/zone-evergreen.js:363:1)
    at Zone.run (http://localhost:9876/_karma_webpack_/node_modules/zone.js/dist/zone-evergreen.js:123:1)
    at http://localhost:9876/_karma_webpack_/node_modules/zone.js/dist/zone-evergreen.js:857:1
    at ZoneDelegate.invokeTask (http://localhost:9876/_karma_webpack_/node_modules/zone.js/dist/zone-evergreen.js:399:1)
    at ProxyZoneSpec.onInvokeTask (http://localhost:9876/_karma_webpack_/node_modules/zone.js/dist/zone-testing.js:323:1)
</failure>
  </testcase>
  <testcase name="RestaurantDirectory Initial UI is rendered as expected" time="0.054" classname=".RestaurantDirectory"/>
  <system-out>
    <![CDATA[HeadlessChrome 84.0.4147 (Windows 10.0.0) LOG: <tbody _ngcontent-a-c45="" data-test-id="restaurant-list"><!--bindings={
  "ng-reflect-ng-for-of": ""
}--></tbody>

]]>
  </system-out>
  <system-err/>
</testsuite>